{
  "RSpec": {
    "coverage": {
      "/home/vishwajit/Documents/INCUBYTE/incubyte-string-calculator-kata/spec/string_calculator_spec.rb": {
        "lines": [
          1,
          1,
          null,
          1,
          1,
          1,
          1,
          null,
          null,
          1,
          1,
          null,
          null,
          1,
          1,
          null,
          null,
          1,
          1,
          1,
          null,
          null,
          null
        ]
      },
      "/home/vishwajit/Documents/INCUBYTE/incubyte-string-calculator-kata/lib/string_calculator.rb": {
        "lines": [
          1,
          1,
          5,
          4,
          null,
          null,
          1,
          null,
          1,
          4,
          null,
          null
        ]
      }
    },
    "timestamp": 1756144846
  }
}
