{
  "RSpec": {
    "coverage": {
      "/home/vishwajit/Documents/INCUBYTE/incubyte-string-calculator-kata/spec/string_calculator_spec.rb": {
        "lines": [
          1,
          1,
          null,
          1,
          1,
          1,
          1,
          null,
          null,
          1,
          1,
          null,
          null,
          1,
          1,
          null,
          null,
          1,
          1,
          1,
          null,
          null,
          1,
          1,
          null,
          null,
          1,
          1,
          null,
          null,
          1,
          2,
          null,
          null,
          1,
          2,
          null,
          null,
          1,
          1,
          null,
          null,
          null
        ]
      },
      "/home/vishwajit/Documents/INCUBYTE/incubyte-string-calculator-kata/lib/string_calculator.rb": {
        "lines": [
          1,
          1,
          10,
          null,
          9,
          9,
          1,
          null,
          null,
          9,
          9,
          25,
          null,
          null,
          1,
          null,
          1,
          1,
          1,
          1,
          null,
          null,
          1,
          9,
          null,
          null,
          1,
          9,
          9,
          null,
          null
        ]
      }
    },
    "timestamp": 1756145025
  }
}
